<?xml version="1.0" encoding="UTF-8"?>
<!-- Generated by org.testng.reporters.JUnitReportReporter -->
<testsuite hostname="LAPTOP-02I0UHBP" failures="0" tests="2" name="javaSeleniumAcademy.tests.SubmitOrderTests" time="15.987" errors="0" timestamp="2024-12-21T14:16:22 IST" skipped="0">
  <testcase classname="javaSeleniumAcademy.tests.SubmitOrderTests" name="SumbitOrder" time="7.387"/>
  <testcase classname="javaSeleniumAcademy.tests.SubmitOrderTests" name="SumbitOrder" time="8.600"/>
</testsuite> <!-- javaSeleniumAcademy.tests.SubmitOrderTests -->
